Copyright 1986-2020 Xilinx, Inc. All Rights Reserved.
--------------------------------------------------------------------------------------
| Tool Version : Vivado v.2020.2 (lin64) Build 3064766 Wed Nov 18 09:12:47 MST 2020
| Date         : Mon May  3 23:29:17 2021
| Host         : Recurse running 64-bit Arch Linux
| Command      : report_control_sets -verbose -file top_level_control_sets_placed.rpt
| Design       : top_level
| Device       : xc7a100t
--------------------------------------------------------------------------------------

Control Set Information

Table of Contents
-----------------
1. Summary
2. Histogram
3. Flip-Flop Distribution
4. Detailed Control Set Information

1. Summary
----------

+----------------------------------------------------------+-------+
|                          Status                          | Count |
+----------------------------------------------------------+-------+
| Total control sets                                       |    15 |
|    Minimum number of control sets                        |    15 |
|    Addition due to synthesis replication                 |     0 |
|    Addition due to physical synthesis replication        |     0 |
| Unused register locations in slices containing registers |    62 |
+----------------------------------------------------------+-------+
* Control sets can be merged at opt_design using control_set_merge or merge_equivalent_drivers
** Run report_qor_suggestions for automated merging and remapping suggestions


2. Histogram
------------

+--------------------+-------+
|       Fanout       | Count |
+--------------------+-------+
| Total control sets |    15 |
| >= 0 to < 4        |     3 |
| >= 4 to < 6        |     9 |
| >= 6 to < 8        |     0 |
| >= 8 to < 10       |     0 |
| >= 10 to < 12      |     0 |
| >= 12 to < 14      |     0 |
| >= 14 to < 16      |     0 |
| >= 16              |     3 |
+--------------------+-------+
* Control sets can be remapped at either synth_design or opt_design


3. Flip-Flop Distribution
-------------------------

+--------------+-----------------------+------------------------+-----------------+--------------+
| Clock Enable | Synchronous Set/Reset | Asynchronous Set/Reset | Total Registers | Total Slices |
+--------------+-----------------------+------------------------+-----------------+--------------+
| No           | No                    | No                     |              68 |           21 |
| No           | No                    | Yes                    |               2 |            2 |
| No           | Yes                   | No                     |               1 |            1 |
| Yes          | No                    | No                     |              31 |            8 |
| Yes          | No                    | Yes                    |              36 |           19 |
| Yes          | Yes                   | No                     |               0 |            0 |
+--------------+-----------------------+------------------------+-----------------+--------------+


4. Detailed Control Set Information
-----------------------------------

+--------------------------------------+-----------------------+------------------+------------------+----------------+--------------+
|             Clock Signal             |     Enable Signal     | Set/Reset Signal | Slice Load Count | Bel Load Count | Bels / Slice |
+--------------------------------------+-----------------------+------------------+------------------+----------------+--------------+
|  rst_sig__0                          |                       | reset            |                1 |              1 |         1.00 |
|  clk_IBUF_BUFG                       |                       | reset            |                2 |              2 |         1.00 |
|  FSM_onehot_lock_next_reg[2]_i_1_n_0 |                       |                  |                1 |              3 |         3.00 |
|  clk_IBUF_BUFG                       | data[11]_i_1_n_0      | reset            |                1 |              4 |         4.00 |
|  clk_IBUF_BUFG                       | data[15]_i_1_n_0      | reset            |                2 |              4 |         2.00 |
|  clk_IBUF_BUFG                       | data[19]_i_1_n_0      | reset            |                2 |              4 |         2.00 |
|  clk_IBUF_BUFG                       | data[23]_i_1_n_0      | reset            |                4 |              4 |         1.00 |
|  clk_IBUF_BUFG                       | data[31]_i_1_n_0      | reset            |                1 |              4 |         4.00 |
|  clk_IBUF_BUFG                       | data[3]_i_1_n_0       | reset            |                2 |              4 |         2.00 |
|  clk_IBUF_BUFG                       | data[7]_i_1_n_0       | reset            |                3 |              4 |         1.33 |
|  clk_IBUF_BUFG                       | active_seg[2]_i_1_n_0 | reset            |                2 |              4 |         2.00 |
|  clk_IBUF_BUFG                       | data[27]_i_1_n_0      | reset            |                2 |              4 |         2.00 |
|  clk_IBUF_BUFG                       | i0/sel                |                  |                8 |             31 |         3.88 |
|  combination_reg[30]_i_2_n_0_BUFG    |                       |                  |               11 |             31 |         2.82 |
|  clk_IBUF_BUFG                       |                       |                  |                9 |             34 |         3.78 |
+--------------------------------------+-----------------------+------------------+------------------+----------------+--------------+


